[36mINFO[0m[0005] shutdown app and closing resources ...       
[36mINFO[0m[0005] application terminated ...                   
[31mERRO[0m[0005] failed to start server http: Server closed   
[31mERRO[0m[0086] path=/v1/beneficiery/:account_number error=prixa.base: unauthorized 
[36mINFO[0m[0131] shutdown app and closing resources ...       
[36mINFO[0m[0131] application terminated ...                   
[31mERRO[0m[0131] failed to start server http: Server closed   
[31mERRO[0m[0002] path=/v1/beneficiery/:account_number error=prixa.base: unauthorized 
[31mERRO[0m[0003] path=/v1/beneficiery/:account_number error=prixa.base: unauthorized 
[36mINFO[0m[0007] shutdown app and closing resources ...       
[31mERRO[0m[0007] failed to start server http: Server closed   
[36mINFO[0m[0007] application terminated ...                   
[31mERRO[0m[0002] path=/v1/beneficiery/:account_number error=runtime error: invalid memory address or nil pointer dereference 
[36mINFO[0m[0134] shutdown app and closing resources ...       
[31mERRO[0m[0134] failed to start server http: Server closed   
[36mINFO[0m[0134] application terminated ...                   
[31mERRO[0m[0003] path=/v1/beneficiery/:account_number error=runtime error: invalid memory address or nil pointer dereference 
[36mINFO[0m[0128] shutdown app and closing resources ...       
[31mERRO[0m[0128] failed to start server http: Server closed   
[36mINFO[0m[0128] application terminated ...                   
[31mERRO[0m[0002] path=/v1/beneficiery/:account_number error=runtime error: invalid memory address or nil pointer dereference 
[36mINFO[0m[0027] shutdown app and closing resources ...       
[31mERRO[0m[0027] failed to start server http: Server closed   
[36mINFO[0m[0027] application terminated ...                   
[31mERRO[0m[0003] path=/v1/beneficiery/:account_number error=runtime error: invalid memory address or nil pointer dereference 
[36mINFO[0m[0058] shutdown app and closing resources ...       
[31mERRO[0m[0058] failed to start server http: Server closed   
[36mINFO[0m[0058] application terminated ...                   
[31mERRO[0m[0003] path=/v1/beneficiery/:account_number error=runtime error: invalid memory address or nil pointer dereference 
[36mINFO[0m[0028] shutdown app and closing resources ...       
[31mERRO[0m[0028] failed to start server http: Server closed   
[36mINFO[0m[0028] application terminated ...                   
[31mERRO[0m[0001] path=/v1/beneficiery/:account_number error=runtime error: invalid memory address or nil pointer dereference 
[36mINFO[0m[0026] shutdown app and closing resources ...       
[36mINFO[0m[0026] application terminated ...                   
[31mERRO[0m[0026] failed to start server http: Server closed   
[36mINFO[0m[0004] shutdown app and closing resources ...       
[31mERRO[0m[0004] failed to start server http: Server closed   
[36mINFO[0m[0004] application terminated ...                   
[31mERRO[0m[0004] path=/v1/beneficiery/:account_number error=runtime error: invalid memory address or nil pointer dereference 
[36mINFO[0m[0021] shutdown app and closing resources ...       
[31mERRO[0m[0021] failed to start server http: Server closed   
[36mINFO[0m[0021] application terminated ...                   
[31mERRO[0m[0002] path=/v1/beneficiery/:account_number error=runtime error: invalid memory address or nil pointer dereference 
[36mINFO[0m[0046] shutdown app and closing resources ...       
[31mERRO[0m[0046] failed to start server http: Server closed   
[36mINFO[0m[0046] application terminated ...                   
[31mERRO[0m[0004] path=/v1/beneficiery/:account_number error=runtime error: invalid memory address or nil pointer dereference 
[36mINFO[0m[0042] shutdown app and closing resources ...       
[36mINFO[0m[0042] application terminated ...                   
[31mERRO[0m[0002] path=/v1/beneficiery/:account_number error=runtime error: invalid memory address or nil pointer dereference 
[36mINFO[0m[0030] shutdown app and closing resources ...       
[31mERRO[0m[0030] failed to start server http: Server closed   
[36mINFO[0m[0030] application terminated ...                   
[31mERRO[0m[0004] path=/v1/beneficiery/:account_number error=runtime error: invalid memory address or nil pointer dereference 
[36mINFO[0m[0021] shutdown app and closing resources ...       
[31mERRO[0m[0021] failed to start server http: Server closed   
[36mINFO[0m[0021] application terminated ...                   
[31mERRO[0m[0001] path=/v1/beneficiery/:account_number error=runtime error: invalid memory address or nil pointer dereference 
[36mINFO[0m[0036] shutdown app and closing resources ...       
[31mERRO[0m[0036] failed to start server http: Server closed   
[36mINFO[0m[0036] application terminated ...                   
[31mERRO[0m[0004] path=/v1/beneficiery/:account_number error=runtime error: invalid memory address or nil pointer dereference 
[36mINFO[0m[0073] shutdown app and closing resources ...       
[31mERRO[0m[0073] failed to start server http: Server closed   
[36mINFO[0m[0073] application terminated ...                   
[31mERRO[0m[0002] path=/v1/beneficiery/:account_number error=runtime error: invalid memory address or nil pointer dereference 
[36mINFO[0m[0091] shutdown app and closing resources ...       
[36mINFO[0m[0091] application terminated ...                   
[31mERRO[0m[0002] path=/v1/beneficiery/:account_number error=runtime error: invalid memory address or nil pointer dereference 
[36mINFO[0m[0023] shutdown app and closing resources ...       
[31mERRO[0m[0023] failed to start server http: Server closed   
[36mINFO[0m[0023] application terminated ...                   
[31mERRO[0m[0003] path=/v1/beneficiery/:account_number error=runtime error: invalid memory address or nil pointer dereference 
[36mINFO[0m[0050] shutdown app and closing resources ...       
[36mINFO[0m[0050] application terminated ...                   
[31mERRO[0m[0050] failed to start server http: Server closed   
[31mERRO[0m[0006] path=/v1/beneficiery/:account_number error=reflect: reflect.Value.SetString using unaddressable value 
[36mINFO[0m[0028] shutdown app and closing resources ...       
[31mERRO[0m[0028] failed to start server http: Server closed   
[36mINFO[0m[0028] application terminated ...                   
[31mERRO[0m[0002] path=/v1/beneficiery/:account_number error=runtime error: invalid memory address or nil pointer dereference 
[36mINFO[0m[0043] shutdown app and closing resources ...       
[31mERRO[0m[0043] failed to start server http: Server closed   
[36mINFO[0m[0043] application terminated ...                   
[31mERRO[0m[0001] path=/v1/beneficiery/:account_number error=runtime error: invalid memory address or nil pointer dereference 
[36mINFO[0m[0037] shutdown app and closing resources ...       
[31mERRO[0m[0037] failed to start server http: Server closed   
[36mINFO[0m[0037] application terminated ...                   
[31mERRO[0m[0006] path=/v1/beneficiery/:account_number error=runtime error: invalid memory address or nil pointer dereference 
[36mINFO[0m[0040] shutdown app and closing resources ...       
[36mINFO[0m[0040] application terminated ...                   
[31mERRO[0m[0040] failed to start server http: Server closed   
[31mERRO[0m[0003] path=/v1/beneficiery/:account_number error=runtime error: invalid memory address or nil pointer dereference 
[36mINFO[0m[0098] shutdown app and closing resources ...       
[31mERRO[0m[0098] failed to start server http: Server closed   
[36mINFO[0m[0098] application terminated ...                   
[31mERRO[0m[0002] path=/v1/beneficiery/:account_number error=runtime error: invalid memory address or nil pointer dereference 
[36mINFO[0m[0043] shutdown app and closing resources ...       
[31mERRO[0m[0043] failed to start server http: Server closed   
[36mINFO[0m[0043] application terminated ...                   
[31mERRO[0m[0003] path=/v1/beneficiery/:account_number error=runtime error: invalid memory address or nil pointer dereference 
[36mINFO[0m[0049] shutdown app and closing resources ...       
[31mERRO[0m[0049] failed to start server http: Server closed   
[36mINFO[0m[0049] application terminated ...                   
[31mERRO[0m[0004] path=/v1/beneficiery/:account_number error=runtime error: invalid memory address or nil pointer dereference 
[36mINFO[0m[0178] shutdown app and closing resources ...       
[36mINFO[0m[0178] application terminated ...                   
[31mERRO[0m[0178] failed to start server http: Server closed   
[31mERRO[0m[0002] path=/v1/beneficiery/:account_number error=runtime error: invalid memory address or nil pointer dereference 
[36mINFO[0m[0248] shutdown app and closing resources ...       
[36mINFO[0m[0248] application terminated ...                   
[36mINFO[0m[0056] shutdown app and closing resources ...       
[31mERRO[0m[0056] failed to start server http: Server closed   
[36mINFO[0m[0056] application terminated ...                   
[36mINFO[0m[0096] shutdown app and closing resources ...       
[31mERRO[0m[0096] failed to start server http: Server closed   
[36mINFO[0m[0096] application terminated ...                   
[36mINFO[0m[0193] shutdown app and closing resources ...       
[31mERRO[0m[0193] failed to start server http: Server closed   
[36mINFO[0m[0193] application terminated ...                   
[36mINFO[0m[0150] shutdown app and closing resources ...       
[36mINFO[0m[0150] application terminated ...                   
[36mINFO[0m[0226] shutdown app and closing resources ...       
[31mERRO[0m[0226] failed to start server http: Server closed   
[36mINFO[0m[0226] application terminated ...                   
[36mINFO[0m[0180] shutdown app and closing resources ...       
[31mERRO[0m[0180] failed to start server http: Server closed   
[36mINFO[0m[0180] application terminated ...                   
[36mINFO[0m[0044] shutdown app and closing resources ...       
[31mERRO[0m[0044] failed to start server http: Server closed   
[36mINFO[0m[0044] application terminated ...                   
[36mINFO[0m[0099] shutdown app and closing resources ...       
[31mERRO[0m[0099] failed to start server http: Server closed   
[36mINFO[0m[0099] application terminated ...                   
[36mINFO[0m[0027] shutdown app and closing resources ...       
[31mERRO[0m[0027] failed to start server http: Server closed   
[36mINFO[0m[0027] application terminated ...                   
[36mINFO[0m[0017] shutdown app and closing resources ...       
[31mERRO[0m[0017] failed to start server http: Server closed   
[36mINFO[0m[0017] application terminated ...                   
[36mINFO[0m[0025] shutdown app and closing resources ...       
[31mERRO[0m[0025] failed to start server http: Server closed   
[36mINFO[0m[0025] application terminated ...                   
[36mINFO[0m[0012] shutdown app and closing resources ...       
[36mINFO[0m[0012] application terminated ...                   
[31mERRO[0m[0011] path=/v1/beneficiery/:account_number error=runtime error: invalid memory address or nil pointer dereference 
[36mINFO[0m[0380] shutdown app and closing resources ...       
[31mERRO[0m[0380] failed to start server http: Server closed   
[36mINFO[0m[0380] application terminated ...                   
[36mINFO[0m[0035] shutdown app and closing resources ...       
[31mERRO[0m[0035] failed to start server http: Server closed   
[36mINFO[0m[0035] application terminated ...                   
[36mINFO[0m[0008] shutdown app and closing resources ...       
[36mINFO[0m[0008] application terminated ...                   
[31mERRO[0m[0008] failed to start server http: Server closed   
[31mERRO[0m[0014] path=/v1/beneficiery/:account_number error=runtime error: invalid memory address or nil pointer dereference 
[36mINFO[0m[0066] shutdown app and closing resources ...       
[31mERRO[0m[0066] failed to start server http: Server closed   
[36mINFO[0m[0066] application terminated ...                   
[31mERRO[0m[0001] path=/v1/beneficiery/:account_number error=runtime error: invalid memory address or nil pointer dereference 
[36mINFO[0m[0106] shutdown app and closing resources ...       
[36mINFO[0m[0106] application terminated ...                   
[31mERRO[0m[0106] failed to start server http: Server closed   
[31mERRO[0m[0002] path=/v1/beneficiery/:account_number error=runtime error: invalid memory address or nil pointer dereference 
[36mINFO[0m[0187] shutdown app and closing resources ...       
[31mERRO[0m[0187] failed to start server http: Server closed   
[36mINFO[0m[0187] application terminated ...                   
[36mINFO[0m[0037] shutdown app and closing resources ...       
[31mERRO[0m[0037] failed to start server http: Server closed   
[36mINFO[0m[0037] application terminated ...                   
[36mINFO[0m[0064] shutdown app and closing resources ...       
[31mERRO[0m[0064] failed to start server http: Server closed   
[36mINFO[0m[0064] application terminated ...                   
[36mINFO[0m[0085] shutdown app and closing resources ...       
[31mERRO[0m[0085] failed to start server http: Server closed   
[36mINFO[0m[0085] application terminated ...                   
[36mINFO[0m[0028] shutdown app and closing resources ...       
[31mERRO[0m[0028] failed to start server http: Server closed   
[36mINFO[0m[0028] application terminated ...                   
[36mINFO[0m[0119] shutdown app and closing resources ...       
[31mERRO[0m[0119] failed to start server http: Server closed   
[36mINFO[0m[0119] application terminated ...                   
[36mINFO[0m[0034] shutdown app and closing resources ...       
[31mERRO[0m[0034] failed to start server http: Server closed   
[36mINFO[0m[0034] application terminated ...                   
[36mINFO[0m[0010] shutdown app and closing resources ...       
[31mERRO[0m[0010] failed to start server http: Server closed   
[36mINFO[0m[0010] application terminated ...                   
[36mINFO[0m[0032] shutdown app and closing resources ...       
[31mERRO[0m[0032] failed to start server http: Server closed   
[36mINFO[0m[0032] application terminated ...                   
[36mINFO[0m[0095] shutdown app and closing resources ...       
[31mERRO[0m[0095] failed to start server http: Server closed   
[36mINFO[0m[0095] application terminated ...                   
[36mINFO[0m[0054] shutdown app and closing resources ...       
[31mERRO[0m[0054] failed to start server http: Server closed   
[36mINFO[0m[0054] application terminated ...                   
[36mINFO[0m[0013] shutdown app and closing resources ...       
[31mERRO[0m[0013] failed to start server http: Server closed   
[36mINFO[0m[0013] application terminated ...                   
[36mINFO[0m[0029] shutdown app and closing resources ...       
[36mINFO[0m[0029] application terminated ...                   
[31mERRO[0m[0029] failed to start server http: Server closed   
[36mINFO[0m[0019] shutdown app and closing resources ...       
[31mERRO[0m[0019] failed to start server http: Server closed   
[36mINFO[0m[0019] application terminated ...                   
[36mINFO[0m[0048] shutdown app and closing resources ...       
[31mERRO[0m[0048] failed to start server http: Server closed   
[36mINFO[0m[0048] application terminated ...                   
[36mINFO[0m[0060] shutdown app and closing resources ...       
[31mERRO[0m[0060] failed to start server http: Server closed   
[36mINFO[0m[0060] application terminated ...                   
[36mINFO[0m[0100] shutdown app and closing resources ...       
[36mINFO[0m[0100] application terminated ...                   
[36mINFO[0m[0153] shutdown app and closing resources ...       
[36mINFO[0m[0153] application terminated ...                   
[31mERRO[0m[0153] failed to start server http: Server closed   
[36mINFO[0m[0159] shutdown app and closing resources ...       
[31mERRO[0m[0159] failed to start server http: Server closed   
[36mINFO[0m[0159] application terminated ...                   
[36mINFO[0m[0168] shutdown app and closing resources ...       
[36mINFO[0m[0168] application terminated ...                   
[31mERRO[0m[0168] failed to start server http: Server closed   
[36mINFO[0m[0047] shutdown app and closing resources ...       
[31mERRO[0m[0047] failed to start server http: Server closed   
[36mINFO[0m[0047] application terminated ...                   
[36mINFO[0m[0033] shutdown app and closing resources ...       
[31mERRO[0m[0033] failed to start server http: Server closed   
[36mINFO[0m[0033] application terminated ...                   
[36mINFO[0m[0032] shutdown app and closing resources ...       
[31mERRO[0m[0032] failed to start server http: Server closed   
[36mINFO[0m[0032] application terminated ...                   
[36mINFO[0m[0186] shutdown app and closing resources ...       
[31mERRO[0m[0186] failed to start server http: Server closed   
[36mINFO[0m[0186] application terminated ...                   
[36mINFO[0m[0075] shutdown app and closing resources ...       
[36mINFO[0m[0075] application terminated ...                   
[36mINFO[0m[0518] shutdown app and closing resources ...       
[36mINFO[0m[0518] application terminated ...                   
[31mERRO[0m[0518] failed to start server http: Server closed   
[36mINFO[0m[0031] shutdown app and closing resources ...       
[31mERRO[0m[0031] failed to start server http: Server closed   
[36mINFO[0m[0031] application terminated ...                   
[36mINFO[0m[0161] shutdown app and closing resources ...       
[31mERRO[0m[0161] failed to start server http: Server closed   
[36mINFO[0m[0161] application terminated ...                   
[36mINFO[0m[0234] shutdown app and closing resources ...       
[36mINFO[0m[0234] application terminated ...                   
[31mERRO[0m[0234] failed to start server http: Server closed   
[36mINFO[0m[1042] shutdown app and closing resources ...       
[36mINFO[0m[1042] application terminated ...                   
[31mERRO[0m[1042] failed to start server http: Server closed   
[36mINFO[0m[0032] shutdown app and closing resources ...       
[31mERRO[0m[0032] failed to start server http: Server closed   
[36mINFO[0m[0032] application terminated ...                   
[36mINFO[0m[2844] shutdown app and closing resources ...       
[36mINFO[0m[2844] application terminated ...                   
[31mERRO[0m[2844] failed to start server http: Server closed   
[36mINFO[0m[0037] shutdown app and closing resources ...       
[36mINFO[0m[0037] application terminated ...                   
[31mERRO[0m[0037] failed to start server http: Server closed   
[36mINFO[0m[0227] shutdown app and closing resources ...       
[36mINFO[0m[0227] application terminated ...                   
[31mERRO[0m[0080] path=/v1/* error=payment.base: Not Found     
[31mERRO[0m[0157] path=/v1/payment/* error=payment.base: Not Found 
[36mINFO[0m[0181] shutdown app and closing resources ...       
[36mINFO[0m[0181] application terminated ...                   
[31mERRO[0m[0004] path=/v1/payment/:account_number error=payment.base: Method Not Allowed 
[36mINFO[0m[0326] shutdown app and closing resources ...       
[36mINFO[0m[0326] application terminated ...                   
[31mERRO[0m[0326] failed to start server http: Server closed   
[36mINFO[0m[0077] shutdown app and closing resources ...       
[31mERRO[0m[0077] failed to start server http: Server closed   
[36mINFO[0m[0077] application terminated ...                   
[36mINFO[0m[0062] shutdown app and closing resources ...       
[31mERRO[0m[0062] failed to start server http: Server closed   
[36mINFO[0m[0062] application terminated ...                   
[36mINFO[0m[0128] shutdown app and closing resources ...       
[31mERRO[0m[0128] failed to start server http: Server closed   
[36mINFO[0m[0128] application terminated ...                   
[36mINFO[0m[0063] shutdown app and closing resources ...       
[36mINFO[0m[0063] application terminated ...                   
[36mINFO[0m[0027] shutdown app and closing resources ...       
[36mINFO[0m[0027] application terminated ...                   
[31mERRO[0m[0027] failed to start server http: Server closed   
[31mERRO[0m[0056] path=/v1/payment/callback-transfer-disbursement error=payment.base: Method Not Allowed 
[36mINFO[0m[0110] shutdown app and closing resources ...       
[36mINFO[0m[0110] application terminated ...                   
[31mERRO[0m[0110] failed to start server http: Server closed   
[36mINFO[0m[0033] shutdown app and closing resources ...       
[36mINFO[0m[0033] application terminated ...                   
[31mERRO[0m[0033] failed to start server http: Server closed   
[36mINFO[0m[0083] shutdown app and closing resources ...       
[31mERRO[0m[0083] failed to start server http: Server closed   
[36mINFO[0m[0083] application terminated ...                   
[36mINFO[0m[0120] shutdown app and closing resources ...       
[31mERRO[0m[0120] failed to start server http: Server closed   
[36mINFO[0m[0120] application terminated ...                   
[36mINFO[0m[0448] shutdown app and closing resources ...       
[36mINFO[0m[0448] application terminated ...                   
[31mERRO[0m[0448] failed to start server http: Server closed   
[36mINFO[0m[0085] shutdown app and closing resources ...       
[31mERRO[0m[0085] failed to start server http: Server closed   
[36mINFO[0m[0085] application terminated ...                   
[36mINFO[0m[0156] shutdown app and closing resources ...       
[36mINFO[0m[0156] application terminated ...                   
[36mINFO[0m[0022] shutdown app and closing resources ...       
[36mINFO[0m[0022] application terminated ...                   
[31mERRO[0m[0022] failed to start server http: Server closed   
[36mINFO[0m[0040] shutdown app and closing resources ...       
[31mERRO[0m[0040] failed to start server http: Server closed   
[36mINFO[0m[0040] application terminated ...                   
[36mINFO[0m[0043] shutdown app and closing resources ...       
[31mERRO[0m[0043] failed to start server http: Server closed   
[36mINFO[0m[0043] application terminated ...                   
[36mINFO[0m[0034] shutdown app and closing resources ...       
[31mERRO[0m[0034] failed to start server http: Server closed   
[36mINFO[0m[0034] application terminated ...                   
[36mINFO[0m[0030] shutdown app and closing resources ...       
[36mINFO[0m[0030] application terminated ...                   
[31mERRO[0m[0030] failed to start server http: Server closed   
[36mINFO[0m[0114] shutdown app and closing resources ...       
[31mERRO[0m[0114] failed to start server http: Server closed   
[36mINFO[0m[0114] application terminated ...                   
[36mINFO[0m[0083] shutdown app and closing resources ...       
[31mERRO[0m[0083] failed to start server http: Server closed   
[36mINFO[0m[0083] application terminated ...                   
[31mERRO[0m[0064] path=/v1/* error=payment.base: Not Found     
[36mINFO[0m[1044] shutdown app and closing resources ...       
[36mINFO[0m[1044] application terminated ...                   
